#
# There is insufficient memory for the Java Runtime Environment to continue.
# Native memory allocation (malloc) failed to allocate 419424 bytes for Chunk::new
# Possible reasons:
#   The system is out of physical RAM or swap space
#   The process is running with CompressedOops enabled, and the Java Heap may be blocking the growth of the native heap
# Possible solutions:
#   Reduce memory load on the system
#   Increase physical memory or swap space
#   Check if swap backing store is full
#   Decrease Java heap size (-Xmx/-Xms)
#   Decrease number of Java threads
#   Decrease Java thread stack sizes (-Xss)
#   Set larger code cache with -XX:ReservedCodeCacheSize=
#   JVM is running with Zero Based Compressed Oops mode in which the Java heap is
#     placed in the first 32GB address space. The Java Heap base address is the
#     maximum limit for the native heap growth. Please use -XX:HeapBaseMinAddress
#     to set the Java Heap base and to place the Java Heap above 32GB virtual address.
# This output file may be truncated or incomplete.
#
#  Out of Memory Error (arena.cpp:184), pid=14204, tid=24944
#
# JRE version: OpenJDK Runtime Environment (18.0.2+9) (build 18.0.2+9-61)
# Java VM: OpenJDK 64-Bit Server VM (18.0.2+9-61, mixed mode, sharing, tiered, compressed oops, compressed class ptrs, g1 gc, windows-amd64)
# No core dump will be written. Minidumps are not enabled by default on client versions of Windows
#

---------------  S U M M A R Y ------------

Command Line: -javaagent:C:\Program Files\JetBrains\IntelliJ IDEA Community Edition 2022.2\lib\idea_rt.jar=63392:C:\Program Files\JetBrains\IntelliJ IDEA Community Edition 2022.2\bin -Dfile.encoding=UTF-8 -Dsun.stdout.encoding=UTF-8 -Dsun.stderr.encoding=UTF-8 com.example.ejerciciosSesiones10_11_12.EjerciciosSesiones101112Application

Host: Intel(R) Core(TM) i7-4790K CPU @ 4.00GHz, 8 cores, 31G,  Windows 10 , 64 bit Build 19041 (10.0.19041.2364)
Time: Sun Jan  8 22:52:37 2023 Hora estándar romance elapsed time: 0.952562 seconds (0d 0h 0m 0s)

---------------  T H R E A D  ---------------

Current thread (0x0000014f43e20660):  JavaThread "C2 CompilerThread0" daemon [_thread_in_native, id=24944, stack(0x0000004c6a800000,0x0000004c6a900000)]


Current CompileTask:
C2:    952 1717       4       jdk.internal.org.objectweb.asm.Frame::execute (2305 bytes)

Stack: [0x0000004c6a800000,0x0000004c6a900000]
Native frames: (J=compiled Java code, j=interpreted, Vv=VM code, C=native code)
V  [jvm.dll+0x6993ca]
V  [jvm.dll+0x7f481d]
V  [jvm.dll+0x7f612e]
V  [jvm.dll+0x7f67e3]
V  [jvm.dll+0x25cdaf]
V  [jvm.dll+0xb8c2f]
V  [jvm.dll+0xb8fa5]
V  [jvm.dll+0x3860cb]
V  [jvm.dll+0x1d2ba8]
V  [jvm.dll+0x2300a9]
V  [jvm.dll+0x22f321]
V  [jvm.dll+0x1ba01c]
V  [jvm.dll+0x23ec9a]
V  [jvm.dll+0x23cf85]
V  [jvm.dll+0x7a6e21]
V  [jvm.dll+0x7a125a]
V  [jvm.dll+0x698275]
C  [ucrtbase.dll+0x21bb2]
C  [KERNEL32.DLL+0x17614]
C  [ntdll.dll+0x526a1]


---------------  P R O C E S S  ---------------

Threads class SMR info:
_java_thread_list=0x0000014f4b71c3b0, length=18, elements={
0x0000014f1a4cae70, 0x0000014f43df92e0, 0x0000014f43dfa420, 0x0000014f43e14f20,
0x0000014f43e157d0, 0x0000014f43e16910, 0x0000014f43e1bbb0, 0x0000014f43e20660,
0x0000014f43e21a60, 0x0000014f43e233c0, 0x0000014f4a8db780, 0x0000014f4ab4b380,
0x0000014f4abed3e0, 0x0000014f4abfe0f0, 0x0000014f4abfe5b0, 0x0000014f4b3f68c0,
0x0000014f4b3cf020, 0x0000014f4b5be620
}

Java Threads: ( => current thread )
  0x0000014f1a4cae70 JavaThread "main" [_thread_blocked, id=18020, stack(0x0000004c69b00000,0x0000004c69c00000)]
  0x0000014f43df92e0 JavaThread "Reference Handler" daemon [_thread_blocked, id=24056, stack(0x0000004c6a200000,0x0000004c6a300000)]
  0x0000014f43dfa420 JavaThread "Finalizer" daemon [_thread_blocked, id=20860, stack(0x0000004c6a300000,0x0000004c6a400000)]
  0x0000014f43e14f20 JavaThread "Signal Dispatcher" daemon [_thread_blocked, id=19668, stack(0x0000004c6a400000,0x0000004c6a500000)]
  0x0000014f43e157d0 JavaThread "Attach Listener" daemon [_thread_blocked, id=9740, stack(0x0000004c6a500000,0x0000004c6a600000)]
  0x0000014f43e16910 JavaThread "Service Thread" daemon [_thread_blocked, id=22712, stack(0x0000004c6a600000,0x0000004c6a700000)]
  0x0000014f43e1bbb0 JavaThread "Monitor Deflation Thread" daemon [_thread_blocked, id=24844, stack(0x0000004c6a700000,0x0000004c6a800000)]
=>0x0000014f43e20660 JavaThread "C2 CompilerThread0" daemon [_thread_in_native, id=24944, stack(0x0000004c6a800000,0x0000004c6a900000)]
  0x0000014f43e21a60 JavaThread "C1 CompilerThread0" daemon [_thread_blocked, id=18784, stack(0x0000004c6a900000,0x0000004c6aa00000)]
  0x0000014f43e233c0 JavaThread "Sweeper thread" daemon [_thread_blocked, id=7840, stack(0x0000004c6aa00000,0x0000004c6ab00000)]
  0x0000014f4a8db780 JavaThread "Common-Cleaner" daemon [_thread_blocked, id=23748, stack(0x0000004c6ab00000,0x0000004c6ac00000)]
  0x0000014f4ab4b380 JavaThread "C2 CompilerThread1" daemon [_thread_in_native, id=10924, stack(0x0000004c6ac00000,0x0000004c6ad00000)]
  0x0000014f4abed3e0 JavaThread "C2 CompilerThread2" daemon [_thread_blocked, id=24788, stack(0x0000004c6ad00000,0x0000004c6ae00000)]
  0x0000014f4abfe0f0 JavaThread "Monitor Ctrl-Break" daemon [_thread_in_native, id=24008, stack(0x0000004c6ae00000,0x0000004c6af00000)]
  0x0000014f4abfe5b0 JavaThread "Notification Thread" daemon [_thread_blocked, id=15408, stack(0x0000004c6af00000,0x0000004c6b000000)]
  0x0000014f4b3f68c0 JavaThread "Thread-0" [_thread_blocked, id=19648, stack(0x0000004c6b100000,0x0000004c6b200000)]
  0x0000014f4b3cf020 JavaThread "restartedMain" [_thread_in_vm, id=24952, stack(0x0000004c6b200000,0x0000004c6b300000)]
  0x0000014f4b5be620 JavaThread "background-preinit" [_thread_in_vm, id=23136, stack(0x0000004c6ba00000,0x0000004c6bb00000)]

Other Threads:
  0x0000014f1a54e720 VMThread "VM Thread" [stack: 0x0000004c6a100000,0x0000004c6a200000] [id=23220]
  0x0000014f4aba7490 WatcherThread "VM Periodic Task Thread" [stack: 0x0000004c6b000000,0x0000004c6b100000] [id=14892]
  0x0000014f43c7f880 WorkerThread "GC Thread#0" [stack: 0x0000004c69c00000,0x0000004c69d00000] [id=24728]
  0x0000014f4b5969c0 WorkerThread "GC Thread#1" [stack: 0x0000004c6b300000,0x0000004c6b400000] [id=19180]
  0x0000014f4b596c60 WorkerThread "GC Thread#2" [stack: 0x0000004c6b400000,0x0000004c6b500000] [id=20688]
  0x0000014f4b596f00 WorkerThread "GC Thread#3" [stack: 0x0000004c6b500000,0x0000004c6b600000] [id=16852]
  0x0000014f4b5c91b0 WorkerThread "GC Thread#4" [stack: 0x0000004c6b600000,0x0000004c6b700000] [id=25104]
  0x0000014f4b5a4b70 WorkerThread "GC Thread#5" [stack: 0x0000004c6b700000,0x0000004c6b800000] [id=22776]
  0x0000014f4b5a5290 WorkerThread "GC Thread#6" [stack: 0x0000004c6b800000,0x0000004c6b900000] [id=21620]
  0x0000014f4b5a59b0 WorkerThread "GC Thread#7" [stack: 0x0000004c6b900000,0x0000004c6ba00000] [id=9656]
  0x0000014f1843de70 ConcurrentGCThread "G1 Main Marker" [stack: 0x0000004c69d00000,0x0000004c69e00000] [id=24220]
  0x0000014f1a546960 WorkerThread "G1 Conc#0" [stack: 0x0000004c69e00000,0x0000004c69f00000] [id=17592]
  0x0000014f1a57ec20 ConcurrentGCThread "G1 Refine#0" [stack: 0x0000004c69f00000,0x0000004c6a000000] [id=19376]
  0x0000014f43c9a520 ConcurrentGCThread "G1 Service" [stack: 0x0000004c6a000000,0x0000004c6a100000] [id=10344]

Threads with active compile tasks:
C2 CompilerThread0      973 1717       4       jdk.internal.org.objectweb.asm.Frame::execute (2305 bytes)
C2 CompilerThread1      973 1705       4       java.util.HashSet::add (20 bytes)

VM state: not at safepoint (normal execution)

VM Mutex/Monitor currently owned by a thread:  ([mutex/lock_event])
[0x0000014f1a4c5020] Metaspace_lock - owner thread: 0x0000014f4b5be620

Heap address: 0x0000000608400000, size: 8060 MB, Compressed Oops mode: Zero based, Oop shift amount: 3

CDS archive(s) mapped at: [0x0000000800000000-0x0000000800ba0000-0x0000000800ba0000), size 12189696, SharedBaseAddress: 0x0000000800000000, ArchiveRelocationMode: 0.
Compressed class space mapped at: 0x0000000800c00000-0x0000000840c00000, reserved size: 1073741824
Narrow klass base: 0x0000000800000000, Narrow klass shift: 0, Narrow klass range: 0x100000000

GC Precious Log:
 CardTable entry size: 512
 Card Set container configuration: InlinePtr #cards 4 size 8 Array Of Cards #cards 32 size 80 Howl #buckets 8 coarsen threshold 7372 Howl Bitmap #cards 1024 size 144 coarsen threshold 921 Card regions per heap region 1 cards per card region 8192
 CPUs: 8 total, 8 available
 Memory: 32224M
 Large Page Support: Disabled
 NUMA Support: Disabled
 Compressed Oops: Enabled (Zero based)
 Heap Region Size: 4M
 Heap Min Capacity: 8M
 Heap Initial Capacity: 504M
 Heap Max Capacity: 8060M
 Pre-touch: Disabled
 Parallel Workers: 8
 Concurrent Workers: 2
 Concurrent Refinement Workers: 8
 Periodic GC: Disabled

Heap:
 garbage-first heap   total 516096K, used 12330K [0x0000000608400000, 0x0000000800000000)
  region size 4096K, 3 young (12288K), 1 survivors (4096K)
 Metaspace       used 12223K, committed 12416K, reserved 1114112K
  class space    used 1426K, committed 1536K, reserved 1048576K

Heap Regions: E=young(eden), S=young(survivor), O=old, HS=humongous(starts), HC=humongous(continues), CS=collection set, F=free, OA=open archive, CA=closed archive, TAMS=top-at-mark-start (previous, next)
|   0|0x0000000608400000, 0x0000000608800000, 0x0000000608800000|100%| O|  |TAMS 0x0000000608400000, 0x0000000608400000| Untracked 
|   1|0x0000000608800000, 0x0000000608a49c00, 0x0000000608c00000| 57%| O|  |TAMS 0x0000000608800000, 0x0000000608800000| Untracked 
|   2|0x0000000608c00000, 0x0000000608c00000, 0x0000000609000000|  0%| F|  |TAMS 0x0000000608c00000, 0x0000000608c00000| Untracked 
|   3|0x0000000609000000, 0x0000000609000000, 0x0000000609400000|  0%| F|  |TAMS 0x0000000609000000, 0x0000000609000000| Untracked 
|   4|0x0000000609400000, 0x0000000609400000, 0x0000000609800000|  0%| F|  |TAMS 0x0000000609400000, 0x0000000609400000| Untracked 
|   5|0x0000000609800000, 0x0000000609800000, 0x0000000609c00000|  0%| F|  |TAMS 0x0000000609800000, 0x0000000609800000| Untracked 
|   6|0x0000000609c00000, 0x0000000609c00000, 0x000000060a000000|  0%| F|  |TAMS 0x0000000609c00000, 0x0000000609c00000| Untracked 
|   7|0x000000060a000000, 0x000000060a000000, 0x000000060a400000|  0%| F|  |TAMS 0x000000060a000000, 0x000000060a000000| Untracked 
|   8|0x000000060a400000, 0x000000060a400000, 0x000000060a800000|  0%| F|  |TAMS 0x000000060a400000, 0x000000060a400000| Untracked 
|   9|0x000000060a800000, 0x000000060a800000, 0x000000060ac00000|  0%| F|  |TAMS 0x000000060a800000, 0x000000060a800000| Untracked 
|  10|0x000000060ac00000, 0x000000060ac00000, 0x000000060b000000|  0%| F|  |TAMS 0x000000060ac00000, 0x000000060ac00000| Untracked 
|  11|0x000000060b000000, 0x000000060b000000, 0x000000060b400000|  0%| F|  |TAMS 0x000000060b000000, 0x000000060b000000| Untracked 
|  12|0x000000060b400000, 0x000000060b400000, 0x000000060b800000|  0%| F|  |TAMS 0x000000060b400000, 0x000000060b400000| Untracked 
|  13|0x000000060b800000, 0x000000060b800000, 0x000000060bc00000|  0%| F|  |TAMS 0x000000060b800000, 0x000000060b800000| Untracked 
|  14|0x000000060bc00000, 0x000000060bc00000, 0x000000060c000000|  0%| F|  |TAMS 0x000000060bc00000, 0x000000060bc00000| Untracked 
|  15|0x000000060c000000, 0x000000060c000000, 0x000000060c400000|  0%| F|  |TAMS 0x000000060c000000, 0x000000060c000000| Untracked 
|  16|0x000000060c400000, 0x000000060c400000, 0x000000060c800000|  0%| F|  |TAMS 0x000000060c400000, 0x000000060c400000| Untracked 
|  17|0x000000060c800000, 0x000000060c800000, 0x000000060cc00000|  0%| F|  |TAMS 0x000000060c800000, 0x000000060c800000| Untracked 
|  18|0x000000060cc00000, 0x000000060cc00000, 0x000000060d000000|  0%| F|  |TAMS 0x000000060cc00000, 0x000000060cc00000| Untracked 
|  19|0x000000060d000000, 0x000000060d000000, 0x000000060d400000|  0%| F|  |TAMS 0x000000060d000000, 0x000000060d000000| Untracked 
|  20|0x000000060d400000, 0x000000060d400000, 0x000000060d800000|  0%| F|  |TAMS 0x000000060d400000, 0x000000060d400000| Untracked 
|  21|0x000000060d800000, 0x000000060d800000, 0x000000060dc00000|  0%| F|  |TAMS 0x000000060d800000, 0x000000060d800000| Untracked 
|  22|0x000000060dc00000, 0x000000060dc00000, 0x000000060e000000|  0%| F|  |TAMS 0x000000060dc00000, 0x000000060dc00000| Untracked 
|  23|0x000000060e000000, 0x000000060e000000, 0x000000060e400000|  0%| F|  |TAMS 0x000000060e000000, 0x000000060e000000| Untracked 
|  24|0x000000060e400000, 0x000000060e400000, 0x000000060e800000|  0%| F|  |TAMS 0x000000060e400000, 0x000000060e400000| Untracked 
|  25|0x000000060e800000, 0x000000060e800000, 0x000000060ec00000|  0%| F|  |TAMS 0x000000060e800000, 0x000000060e800000| Untracked 
|  26|0x000000060ec00000, 0x000000060ec00000, 0x000000060f000000|  0%| F|  |TAMS 0x000000060ec00000, 0x000000060ec00000| Untracked 
|  27|0x000000060f000000, 0x000000060f000000, 0x000000060f400000|  0%| F|  |TAMS 0x000000060f000000, 0x000000060f000000| Untracked 
|  28|0x000000060f400000, 0x000000060f400000, 0x000000060f800000|  0%| F|  |TAMS 0x000000060f400000, 0x000000060f400000| Untracked 
|  29|0x000000060f800000, 0x000000060f800000, 0x000000060fc00000|  0%| F|  |TAMS 0x000000060f800000, 0x000000060f800000| Untracked 
|  30|0x000000060fc00000, 0x000000060fc00000, 0x0000000610000000|  0%| F|  |TAMS 0x000000060fc00000, 0x000000060fc00000| Untracked 
|  31|0x0000000610000000, 0x0000000610000000, 0x0000000610400000|  0%| F|  |TAMS 0x0000000610000000, 0x0000000610000000| Untracked 
|  32|0x0000000610400000, 0x0000000610400000, 0x0000000610800000|  0%| F|  |TAMS 0x0000000610400000, 0x0000000610400000| Untracked 
|  33|0x0000000610800000, 0x0000000610800000, 0x0000000610c00000|  0%| F|  |TAMS 0x0000000610800000, 0x0000000610800000| Untracked 
|  34|0x0000000610c00000, 0x0000000610c00000, 0x0000000611000000|  0%| F|  |TAMS 0x0000000610c00000, 0x0000000610c00000| Untracked 
|  35|0x0000000611000000, 0x0000000611000000, 0x0000000611400000|  0%| F|  |TAMS 0x0000000611000000, 0x0000000611000000| Untracked 
|  36|0x0000000611400000, 0x0000000611400000, 0x0000000611800000|  0%| F|  |TAMS 0x0000000611400000, 0x0000000611400000| Untracked 
|  37|0x0000000611800000, 0x0000000611800000, 0x0000000611c00000|  0%| F|  |TAMS 0x0000000611800000, 0x0000000611800000| Untracked 
|  38|0x0000000611c00000, 0x0000000611c00000, 0x0000000612000000|  0%| F|  |TAMS 0x0000000611c00000, 0x0000000611c00000| Untracked 
|  39|0x0000000612000000, 0x0000000612000000, 0x0000000612400000|  0%| F|  |TAMS 0x0000000612000000, 0x0000000612000000| Untracked 
|  40|0x0000000612400000, 0x0000000612400000, 0x0000000612800000|  0%| F|  |TAMS 0x0000000612400000, 0x0000000612400000| Untracked 
|  41|0x0000000612800000, 0x0000000612800000, 0x0000000612c00000|  0%| F|  |TAMS 0x0000000612800000, 0x0000000612800000| Untracked 
|  42|0x0000000612c00000, 0x0000000612c00000, 0x0000000613000000|  0%| F|  |TAMS 0x0000000612c00000, 0x0000000612c00000| Untracked 
|  43|0x0000000613000000, 0x0000000613000000, 0x0000000613400000|  0%| F|  |TAMS 0x0000000613000000, 0x0000000613000000| Untracked 
|  44|0x0000000613400000, 0x0000000613400000, 0x0000000613800000|  0%| F|  |TAMS 0x0000000613400000, 0x0000000613400000| Untracked 
|  45|0x0000000613800000, 0x0000000613800000, 0x0000000613c00000|  0%| F|  |TAMS 0x0000000613800000, 0x0000000613800000| Untracked 
|  46|0x0000000613c00000, 0x0000000613c00000, 0x0000000614000000|  0%| F|  |TAMS 0x0000000613c00000, 0x0000000613c00000| Untracked 
|  47|0x0000000614000000, 0x0000000614000000, 0x0000000614400000|  0%| F|  |TAMS 0x0000000614000000, 0x0000000614000000| Untracked 
|  48|0x0000000614400000, 0x0000000614400000, 0x0000000614800000|  0%| F|  |TAMS 0x0000000614400000, 0x0000000614400000| Untracked 
|  49|0x0000000614800000, 0x0000000614800000, 0x0000000614c00000|  0%| F|  |TAMS 0x0000000614800000, 0x0000000614800000| Untracked 
|  50|0x0000000614c00000, 0x0000000614c00000, 0x0000000615000000|  0%| F|  |TAMS 0x0000000614c00000, 0x0000000614c00000| Untracked 
|  51|0x0000000615000000, 0x0000000615000000, 0x0000000615400000|  0%| F|  |TAMS 0x0000000615000000, 0x0000000615000000| Untracked 
|  52|0x0000000615400000, 0x0000000615400000, 0x0000000615800000|  0%| F|  |TAMS 0x0000000615400000, 0x0000000615400000| Untracked 
|  53|0x0000000615800000, 0x0000000615800000, 0x0000000615c00000|  0%| F|  |TAMS 0x0000000615800000, 0x0000000615800000| Untracked 
|  54|0x0000000615c00000, 0x0000000615c00000, 0x0000000616000000|  0%| F|  |TAMS 0x0000000615c00000, 0x0000000615c00000| Untracked 
|  55|0x0000000616000000, 0x0000000616000000, 0x0000000616400000|  0%| F|  |TAMS 0x0000000616000000, 0x0000000616000000| Untracked 
|  56|0x0000000616400000, 0x0000000616400000, 0x0000000616800000|  0%| F|  |TAMS 0x0000000616400000, 0x0000000616400000| Untracked 
|  57|0x0000000616800000, 0x0000000616800000, 0x0000000616c00000|  0%| F|  |TAMS 0x0000000616800000, 0x0000000616800000| Untracked 
|  58|0x0000000616c00000, 0x0000000616c00000, 0x0000000617000000|  0%| F|  |TAMS 0x0000000616c00000, 0x0000000616c00000| Untracked 
|  59|0x0000000617000000, 0x0000000617000000, 0x0000000617400000|  0%| F|  |TAMS 0x0000000617000000, 0x0000000617000000| Untracked 
|  60|0x0000000617400000, 0x0000000617400000, 0x0000000617800000|  0%| F|  |TAMS 0x0000000617400000, 0x0000000617400000| Untracked 
|  61|0x0000000617800000, 0x0000000617800000, 0x0000000617c00000|  0%| F|  |TAMS 0x0000000617800000, 0x0000000617800000| Untracked 
|  62|0x0000000617c00000, 0x0000000617c00000, 0x0000000618000000|  0%| F|  |TAMS 0x0000000617c00000, 0x0000000617c00000| Untracked 
|  63|0x0000000618000000, 0x0000000618000000, 0x0000000618400000|  0%| F|  |TAMS 0x0000000618000000, 0x0000000618000000| Untracked 
|  64|0x0000000618400000, 0x0000000618400000, 0x0000000618800000|  0%| F|  |TAMS 0x0000000618400000, 0x0000000618400000| Untracked 
|  65|0x0000000618800000, 0x0000000618800000, 0x0000000618c00000|  0%| F|  |TAMS 0x0000000618800000, 0x0000000618800000| Untracked 
|  66|0x0000000618c00000, 0x0000000618c00000, 0x0000000619000000|  0%| F|  |TAMS 0x0000000618c00000, 0x0000000618c00000| Untracked 
|  67|0x0000000619000000, 0x0000000619000000, 0x0000000619400000|  0%| F|  |TAMS 0x0000000619000000, 0x0000000619000000| Untracked 
|  68|0x0000000619400000, 0x0000000619400000, 0x0000000619800000|  0%| F|  |TAMS 0x0000000619400000, 0x0000000619400000| Untracked 
|  69|0x0000000619800000, 0x0000000619800000, 0x0000000619c00000|  0%| F|  |TAMS 0x0000000619800000, 0x0000000619800000| Untracked 
|  70|0x0000000619c00000, 0x0000000619c00000, 0x000000061a000000|  0%| F|  |TAMS 0x0000000619c00000, 0x0000000619c00000| Untracked 
|  71|0x000000061a000000, 0x000000061a000000, 0x000000061a400000|  0%| F|  |TAMS 0x000000061a000000, 0x000000061a000000| Untracked 
|  72|0x000000061a400000, 0x000000061a400000, 0x000000061a800000|  0%| F|  |TAMS 0x000000061a400000, 0x000000061a400000| Untracked 
|  73|0x000000061a800000, 0x000000061a800000, 0x000000061ac00000|  0%| F|  |TAMS 0x000000061a800000, 0x000000061a800000| Untracked 
|  74|0x000000061ac00000, 0x000000061ac00000, 0x000000061b000000|  0%| F|  |TAMS 0x000000061ac00000, 0x000000061ac00000| Untracked 
|  75|0x000000061b000000, 0x000000061b000000, 0x000000061b400000|  0%| F|  |TAMS 0x000000061b000000, 0x000000061b000000| Untracked 
|  76|0x000000061b400000, 0x000000061b400000, 0x000000061b800000|  0%| F|  |TAMS 0x000000061b400000, 0x000000061b400000| Untracked 
|  77|0x000000061b800000, 0x000000061b800000, 0x000000061bc00000|  0%| F|  |TAMS 0x000000061b800000, 0x000000061b800000| Untracked 
|  78|0x000000061bc00000, 0x000000061bc00000, 0x000000061c000000|  0%| F|  |TAMS 0x000000061bc00000, 0x000000061bc00000| Untracked 
|  79|0x000000061c000000, 0x000000061c000000, 0x000000061c400000|  0%| F|  |TAMS 0x000000061c000000, 0x000000061c000000| Untracked 
|  80|0x000000061c400000, 0x000000061c400000, 0x000000061c800000|  0%| F|  |TAMS 0x000000061c400000, 0x000000061c400000| Untracked 
|  81|0x000000061c800000, 0x000000061c800000, 0x000000061cc00000|  0%| F|  |TAMS 0x000000061c800000, 0x000000061c800000| Untracked 
|  82|0x000000061cc00000, 0x000000061cc00000, 0x000000061d000000|  0%| F|  |TAMS 0x000000061cc00000, 0x000000061cc00000| Untracked 
|  83|0x000000061d000000, 0x000000061d000000, 0x000000061d400000|  0%| F|  |TAMS 0x000000061d000000, 0x000000061d000000| Untracked 
|  84|0x000000061d400000, 0x000000061d400000, 0x000000061d800000|  0%| F|  |TAMS 0x000000061d400000, 0x000000061d400000| Untracked 
|  85|0x000000061d800000, 0x000000061d800000, 0x000000061dc00000|  0%| F|  |TAMS 0x000000061d800000, 0x000000061d800000| Untracked 
|  86|0x000000061dc00000, 0x000000061dc00000, 0x000000061e000000|  0%| F|  |TAMS 0x000000061dc00000, 0x000000061dc00000| Untracked 
|  87|0x000000061e000000, 0x000000061e000000, 0x000000061e400000|  0%| F|  |TAMS 0x000000061e000000, 0x000000061e000000| Untracked 
|  88|0x000000061e400000, 0x000000061e400000, 0x000000061e800000|  0%| F|  |TAMS 0x000000061e400000, 0x000000061e400000| Untracked 
|  89|0x000000061e800000, 0x000000061e800000, 0x000000061ec00000|  0%| F|  |TAMS 0x000000061e800000, 0x000000061e800000| Untracked 
|  90|0x000000061ec00000, 0x000000061ec00000, 0x000000061f000000|  0%| F|  |TAMS 0x000000061ec00000, 0x000000061ec00000| Untracked 
|  91|0x000000061f000000, 0x000000061f000000, 0x000000061f400000|  0%| F|  |TAMS 0x000000061f000000, 0x000000061f000000| Untracked 
|  92|0x000000061f400000, 0x000000061f400000, 0x000000061f800000|  0%| F|  |TAMS 0x000000061f400000, 0x000000061f400000| Untracked 
|  93|0x000000061f800000, 0x000000061f800000, 0x000000061fc00000|  0%| F|  |TAMS 0x000000061f800000, 0x000000061f800000| Untracked 
|  94|0x000000061fc00000, 0x000000061fc00000, 0x0000000620000000|  0%| F|  |TAMS 0x000000061fc00000, 0x000000061fc00000| Untracked 
|  95|0x0000000620000000, 0x0000000620000000, 0x0000000620400000|  0%| F|  |TAMS 0x0000000620000000, 0x0000000620000000| Untracked 
|  96|0x0000000620400000, 0x0000000620400000, 0x0000000620800000|  0%| F|  |TAMS 0x0000000620400000, 0x0000000620400000| Untracked 
|  97|0x0000000620800000, 0x0000000620800000, 0x0000000620c00000|  0%| F|  |TAMS 0x0000000620800000, 0x0000000620800000| Untracked 
|  98|0x0000000620c00000, 0x0000000620c00000, 0x0000000621000000|  0%| F|  |TAMS 0x0000000620c00000, 0x0000000620c00000| Untracked 
|  99|0x0000000621000000, 0x0000000621000000, 0x0000000621400000|  0%| F|  |TAMS 0x0000000621000000, 0x0000000621000000| Untracked 
| 100|0x0000000621400000, 0x0000000621400000, 0x0000000621800000|  0%| F|  |TAMS 0x0000000621400000, 0x0000000621400000| Untracked 
| 101|0x0000000621800000, 0x0000000621800000, 0x0000000621c00000|  0%| F|  |TAMS 0x0000000621800000, 0x0000000621800000| Untracked 
| 102|0x0000000621c00000, 0x0000000621c00000, 0x0000000622000000|  0%| F|  |TAMS 0x0000000621c00000, 0x0000000621c00000| Untracked 
| 103|0x0000000622000000, 0x0000000622000000, 0x0000000622400000|  0%| F|  |TAMS 0x0000000622000000, 0x0000000622000000| Untracked 
| 104|0x0000000622400000, 0x0000000622400000, 0x0000000622800000|  0%| F|  |TAMS 0x0000000622400000, 0x0000000622400000| Untracked 
| 105|0x0000000622800000, 0x0000000622800000, 0x0000000622c00000|  0%| F|  |TAMS 0x0000000622800000, 0x0000000622800000| Untracked 
| 106|0x0000000622c00000, 0x0000000622c00000, 0x0000000623000000|  0%| F|  |TAMS 0x0000000622c00000, 0x0000000622c00000| Untracked 
| 107|0x0000000623000000, 0x0000000623000000, 0x0000000623400000|  0%| F|  |TAMS 0x0000000623000000, 0x0000000623000000| Untracked 
| 108|0x0000000623400000, 0x0000000623400000, 0x0000000623800000|  0%| F|  |TAMS 0x0000000623400000, 0x0000000623400000| Untracked 
| 109|0x0000000623800000, 0x0000000623800000, 0x0000000623c00000|  0%| F|  |TAMS 0x0000000623800000, 0x0000000623800000| Untracked 
| 110|0x0000000623c00000, 0x0000000623c00000, 0x0000000624000000|  0%| F|  |TAMS 0x0000000623c00000, 0x0000000623c00000| Untracked 
| 111|0x0000000624000000, 0x0000000624000000, 0x0000000624400000|  0%| F|  |TAMS 0x0000000624000000, 0x0000000624000000| Untracked 
| 112|0x0000000624400000, 0x0000000624400000, 0x0000000624800000|  0%| F|  |TAMS 0x0000000624400000, 0x0000000624400000| Untracked 
| 113|0x0000000624800000, 0x0000000624800000, 0x0000000624c00000|  0%| F|  |TAMS 0x0000000624800000, 0x0000000624800000| Untracked 
| 114|0x0000000624c00000, 0x0000000624c00000, 0x0000000625000000|  0%| F|  |TAMS 0x0000000624c00000, 0x0000000624c00000| Untracked 
| 115|0x0000000625000000, 0x0000000625000000, 0x0000000625400000|  0%| F|  |TAMS 0x0000000625000000, 0x0000000625000000| Untracked 
| 116|0x0000000625400000, 0x0000000625400000, 0x0000000625800000|  0%| F|  |TAMS 0x0000000625400000, 0x0000000625400000| Untracked 
| 117|0x0000000625800000, 0x0000000625800000, 0x0000000625c00000|  0%| F|  |TAMS 0x0000000625800000, 0x0000000625800000| Untracked 
| 118|0x0000000625c00000, 0x0000000625c00000, 0x0000000626000000|  0%| F|  |TAMS 0x0000000625c00000, 0x0000000625c00000| Untracked 
| 119|0x0000000626000000, 0x0000000626000000, 0x0000000626400000|  0%| F|  |TAMS 0x0000000626000000, 0x0000000626000000| Untracked 
| 120|0x0000000626400000, 0x00000006265c0f88, 0x0000000626800000| 43%| S|CS|TAMS 0x0000000626400000, 0x0000000626400000| Complete 
| 121|0x0000000626800000, 0x0000000626800000, 0x0000000626c00000|  0%| F|  |TAMS 0x0000000626800000, 0x0000000626800000| Untracked 
| 122|0x0000000626c00000, 0x0000000626c00000, 0x0000000627000000|  0%| F|  |TAMS 0x0000000626c00000, 0x0000000626c00000| Untracked 
| 123|0x0000000627000000, 0x0000000627000000, 0x0000000627400000|  0%| F|  |TAMS 0x0000000627000000, 0x0000000627000000| Untracked 
| 124|0x0000000627400000, 0x000000062741d860, 0x0000000627800000|  2%| E|  |TAMS 0x0000000627400000, 0x0000000627400000| Complete 
| 125|0x0000000627800000, 0x0000000627c00000, 0x0000000627c00000|100%| E|CS|TAMS 0x0000000627800000, 0x0000000627800000| Complete 

Card table byte_map: [0x0000014f320e0000,0x0000014f330a0000] _byte_map_base: 0x0000014f2f09e000

Marking Bits (Prev, Next): (CMBitMap*) 0x0000014f1a53a360, (CMBitMap*) 0x0000014f1a53a3a0
 Prev Bits: [0x0000014f34060000, 0x0000014f3be50000)
 Next Bits: [0x0000014f3be50000, 0x0000014f43c40000)

Polling page: 0x0000014f18470000

Metaspace:

Usage:
  Non-class:     10.54 MB used.
      Class:      1.39 MB used.
       Both:     11.94 MB used.

Virtual space:
  Non-class space:       64.00 MB reserved,      10.62 MB ( 17%) committed,  1 nodes.
      Class space:        1.00 GB reserved,       1.50 MB ( <1%) committed,  1 nodes.
             Both:        1.06 GB reserved,      12.12 MB (  1%) committed. 

Chunk freelists:
   Non-Class:  1.25 MB
       Class:  2.42 MB
        Both:  3.67 MB

MaxMetaspaceSize: unlimited
CompressedClassSpaceSize: 1.00 GB
Initial GC threshold: 21.00 MB
Current GC threshold: 21.00 MB
CDS: on
MetaspaceReclaimPolicy: balanced
 - commit_granule_bytes: 65536.
 - commit_granule_words: 8192.
 - virtual_space_node_default_size: 8388608.
 - enlarge_chunks_in_place: 1.
 - new_chunks_are_fully_committed: 0.
 - uncommit_free_chunks: 1.
 - use_allocation_guard: 0.


Internal statistics:

num_allocs_failed_limit: 0.
num_arena_births: 198.
num_arena_deaths: 0.
num_vsnodes_births: 2.
num_vsnodes_deaths: 0.
num_space_committed: 194.
num_space_uncommitted: 0.
num_chunks_returned_to_freelist: 0.
num_chunks_taken_from_freelist: 557.
num_chunk_merges: 0.
num_chunk_splits: 385.
num_chunks_enlarged: 299.
num_inconsistent_stats: 0.

CodeHeap 'non-profiled nmethods': size=120000Kb used=602Kb max_used=602Kb free=119397Kb
 bounds [0x0000014f298c0000, 0x0000014f29b30000, 0x0000014f30df0000]
CodeHeap 'profiled nmethods': size=120000Kb used=3267Kb max_used=3267Kb free=116732Kb
 bounds [0x0000014f22390000, 0x0000014f226d0000, 0x0000014f298c0000]
CodeHeap 'non-nmethods': size=5760Kb used=1186Kb max_used=1201Kb free=4573Kb
 bounds [0x0000014f21df0000, 0x0000014f22060000, 0x0000014f22390000]
 total_blobs=2244 nmethods=1776 adapters=380
 compilation: enabled
              stopped_count=0, restarted_count=0
 full_count=0

Compilation events (20 events):
Event: 0.945 Thread 0x0000014f43e21a60 nmethod 1741 0x0000014f226af690 code [0x0000014f226afac0, 0x0000014f226b1158]
Event: 0.945 Thread 0x0000014f43e21a60 1745       3       java.nio.HeapByteBuffer::getShort (29 bytes)
Event: 0.946 Thread 0x0000014f43e21a60 nmethod 1745 0x0000014f226b1b90 code [0x0000014f226b1de0, 0x0000014f226b27c8]
Event: 0.946 Thread 0x0000014f43e21a60 1751       3       java.lang.AbstractStringBuilder::append (77 bytes)
Event: 0.947 Thread 0x0000014f43e21a60 nmethod 1751 0x0000014f226b2b90 code [0x0000014f226b2da0, 0x0000014f226b3498]
Event: 0.947 Thread 0x0000014f43e21a60 1746   !   3       jdk.internal.misc.ScopedMemoryAccess::getShortUnaligned (22 bytes)
Event: 0.947 Thread 0x0000014f43e21a60 nmethod 1746 0x0000014f226b3710 code [0x0000014f226b3900, 0x0000014f226b3ea8]
Event: 0.947 Thread 0x0000014f43e21a60 1747   !   3       jdk.internal.misc.ScopedMemoryAccess::getShortUnalignedInternal (38 bytes)
Event: 0.948 Thread 0x0000014f43e21a60 nmethod 1747 0x0000014f226b4190 code [0x0000014f226b4360, 0x0000014f226b46f8]
Event: 0.948 Thread 0x0000014f43e21a60 1748       3       jdk.internal.misc.Unsafe::getShortUnaligned (12 bytes)
Event: 0.948 Thread 0x0000014f43e21a60 nmethod 1748 0x0000014f226b4910 code [0x0000014f226b4ac0, 0x0000014f226b4cf8]
Event: 0.948 Thread 0x0000014f43e21a60 1749       3       jdk.internal.misc.Unsafe::getShortUnaligned (33 bytes)
Event: 0.949 Thread 0x0000014f43e21a60 nmethod 1749 0x0000014f226b4e10 code [0x0000014f226b4fe0, 0x0000014f226b5398]
Event: 0.949 Thread 0x0000014f43e21a60 1750       3       jdk.internal.misc.Unsafe::convEndian (16 bytes)
Event: 0.949 Thread 0x0000014f43e21a60 nmethod 1750 0x0000014f226b5510 code [0x0000014f226b56a0, 0x0000014f226b5858]
Event: 0.949 Thread 0x0000014f43e21a60 1743       3       jdk.internal.org.objectweb.asm.FieldWriter::computeFieldInfoSize (86 bytes)
Event: 0.950 Thread 0x0000014f43e21a60 nmethod 1743 0x0000014f226b5910 code [0x0000014f226b5ae0, 0x0000014f226b5dd8]
Event: 0.950 Thread 0x0000014f43e21a60 1744       3       jdk.internal.org.objectweb.asm.FieldWriter::putFieldInfo (269 bytes)
Event: 0.951 Thread 0x0000014f43e21a60 nmethod 1744 0x0000014f226b5f10 code [0x0000014f226b6180, 0x0000014f226b6b08]
Event: 0.951 Thread 0x0000014f43e21a60 1752       3       jdk.internal.org.objectweb.asm.MethodWriter::visitLdcInsn (215 bytes)

GC Heap History (4 events):
Event: 0.620 GC heap before
{Heap before GC invocations=0 (full 0):
 garbage-first heap   total 516096K, used 20480K [0x0000000608400000, 0x0000000800000000)
  region size 4096K, 6 young (24576K), 0 survivors (0K)
 Metaspace       used 6017K, committed 6208K, reserved 1114112K
  class space    used 679K, committed 768K, reserved 1048576K
}
Event: 0.624 GC heap after
{Heap after GC invocations=1 (full 0):
 garbage-first heap   total 516096K, used 6174K [0x0000000608400000, 0x0000000800000000)
  region size 4096K, 1 young (4096K), 1 survivors (4096K)
 Metaspace       used 6017K, committed 6208K, reserved 1114112K
  class space    used 679K, committed 768K, reserved 1048576K
}
Event: 0.916 GC heap before
{Heap before GC invocations=1 (full 0):
 garbage-first heap   total 516096K, used 26654K [0x0000000608400000, 0x0000000800000000)
  region size 4096K, 6 young (24576K), 1 survivors (4096K)
 Metaspace       used 11365K, committed 11584K, reserved 1114112K
  class space    used 1334K, committed 1408K, reserved 1048576K
}
Event: 0.919 GC heap after
{Heap after GC invocations=2 (full 0):
 garbage-first heap   total 516096K, used 8234K [0x0000000608400000, 0x0000000800000000)
  region size 4096K, 1 young (4096K), 1 survivors (4096K)
 Metaspace       used 11365K, committed 11584K, reserved 1114112K
  class space    used 1334K, committed 1408K, reserved 1048576K
}

Deoptimization events (20 events):
Event: 0.931 Thread 0x0000014f4b5be620 Uncommon trap: trap_request=0xffffff45 fr.pc=0x0000014f298d7480 relative=0x00000000000003e0
Event: 0.931 Thread 0x0000014f4b5be620 Uncommon trap: reason=unstable_if action=reinterpret pc=0x0000014f298d7480 method=java.lang.StringLatin1.canEncode(I)Z @ 4 c2
Event: 0.931 Thread 0x0000014f4b5be620 DEOPT PACKING pc=0x0000014f298d7480 sp=0x0000004c6bafdcf0
Event: 0.931 Thread 0x0000014f4b5be620 DEOPT UNPACKING pc=0x0000014f21e423a3 sp=0x0000004c6bafdc18 mode 2
Event: 0.931 Thread 0x0000014f4b5be620 Uncommon trap: trap_request=0xffffff45 fr.pc=0x0000014f298d7d68 relative=0x00000000000003c8
Event: 0.931 Thread 0x0000014f4b5be620 Uncommon trap: reason=unstable_if action=reinterpret pc=0x0000014f298d7d68 method=java.lang.AbstractStringBuilder.isLatin1()Z @ 10 c2
Event: 0.931 Thread 0x0000014f4b5be620 DEOPT PACKING pc=0x0000014f298d7d68 sp=0x0000004c6bafdd10
Event: 0.931 Thread 0x0000014f4b5be620 DEOPT UNPACKING pc=0x0000014f21e423a3 sp=0x0000004c6bafdc90 mode 2
Event: 0.931 Thread 0x0000014f4b5be620 Uncommon trap: trap_request=0xffffff45 fr.pc=0x0000014f2992d05c relative=0x000000000000005c
Event: 0.931 Thread 0x0000014f4b5be620 Uncommon trap: reason=unstable_if action=reinterpret pc=0x0000014f2992d05c method=java.lang.AbstractStringBuilder.isLatin1()Z @ 10 c2
Event: 0.931 Thread 0x0000014f4b5be620 DEOPT PACKING pc=0x0000014f2992d05c sp=0x0000004c6bafdcf0
Event: 0.931 Thread 0x0000014f4b5be620 DEOPT UNPACKING pc=0x0000014f21e423a3 sp=0x0000004c6bafdc80 mode 2
Event: 0.933 Thread 0x0000014f4b5be620 Uncommon trap: trap_request=0xffffff45 fr.pc=0x0000014f2990cbc8 relative=0x0000000000000048
Event: 0.933 Thread 0x0000014f4b5be620 Uncommon trap: reason=unstable_if action=reinterpret pc=0x0000014f2990cbc8 method=java.lang.CharacterData.of(I)Ljava/lang/CharacterData; @ 4 c2
Event: 0.933 Thread 0x0000014f4b5be620 DEOPT PACKING pc=0x0000014f2990cbc8 sp=0x0000004c6bafd4c0
Event: 0.933 Thread 0x0000014f4b5be620 DEOPT UNPACKING pc=0x0000014f21e423a3 sp=0x0000004c6bafd458 mode 2
Event: 0.939 Thread 0x0000014f4b3cf020 Uncommon trap: trap_request=0xffffff45 fr.pc=0x0000014f2992f0fc relative=0x00000000000002dc
Event: 0.939 Thread 0x0000014f4b3cf020 Uncommon trap: reason=unstable_if action=reinterpret pc=0x0000014f2992f0fc method=jdk.internal.org.objectweb.asm.SymbolTable.put(Ljdk/internal/org/objectweb/asm/SymbolTable$Entry;)Ljdk/internal/org/objectweb/asm/SymbolTable$Entry; @ 13 c2
Event: 0.939 Thread 0x0000014f4b3cf020 DEOPT PACKING pc=0x0000014f2992f0fc sp=0x0000004c6b2fd3a0
Event: 0.939 Thread 0x0000014f4b3cf020 DEOPT UNPACKING pc=0x0000014f21e423a3 sp=0x0000004c6b2fd320 mode 2

Classes loaded (20 events):
Event: 0.909 Loading class java/time/zone/ZoneOffsetTransitionRule$1
Event: 0.909 Loading class java/time/zone/ZoneOffsetTransitionRule$1 done
Event: 0.909 Loading class java/time/ZonedDateTime$1
Event: 0.909 Loading class java/time/ZonedDateTime$1 done
Event: 0.913 Loading class org/xml/sax/ErrorHandler
Event: 0.913 Loading class org/xml/sax/ErrorHandler done
Event: 0.914 Loading class org/xml/sax/SAXParseException
Event: 0.914 Loading class org/xml/sax/SAXParseException done
Event: 0.916 Loading class jdk/internal/reflect/MethodHandleIntegerFieldAccessorImpl
Event: 0.916 Loading class jdk/internal/reflect/MethodHandleIntegerFieldAccessorImpl done
Event: 0.922 Loading class java/io/CharConversionException
Event: 0.922 Loading class java/io/CharConversionException done
Event: 0.930 Loading class sun/text/resources/cldr/FormatData_en
Event: 0.930 Loading class sun/text/resources/cldr/FormatData_en done
Event: 0.930 Loading class sun/text/resources/cldr/FormatData_en_US
Event: 0.930 Loading class sun/text/resources/cldr/FormatData_en_US done
Event: 0.935 Loading class java/lang/annotation/Repeatable
Event: 0.935 Loading class java/lang/annotation/Repeatable done
Event: 0.941 Loading class java/io/CharArrayReader
Event: 0.941 Loading class java/io/CharArrayReader done

Classes unloaded (0 events):
No events

Classes redefined (0 events):
No events

Internal exceptions (20 events):
Event: 0.702 Thread 0x0000014f4b3cf020 Exception <a 'java/lang/NoSuchMethodError'{0x0000000627bf2b80}: 'java.lang.Object java.lang.invoke.DirectMethodHandle$Holder.newInvokeSpecial(java.lang.Object, java.lang.Object, java.lang.Object, java.lang.Object, java.lang.Object, java.lang.Object, int)'> (0x0000000627bf2b80) 
thrown [s\open\src\hotspot\share\interpreter\linkResolver.cpp, line 759]
Event: 0.703 Thread 0x0000014f4b3cf020 Exception <a 'java/lang/NoSuchMethodError'{0x0000000627bf7bd0}: 'java.lang.Object java.lang.invoke.DirectMethodHandle$Holder.invokeSpecial(java.lang.Object, java.lang.Object, java.lang.Object, java.lang.Object, java.lang.Object, java.lang.Object, java.lang.Object, int)'> (0x0000000627bf7bd0) 
thrown [s\open\src\hotspot\share\interpreter\linkResolver.cpp, line 759]
Event: 0.729 Thread 0x0000014f4b3cf020 Exception <a 'java/lang/NoSuchMethodError'{0x000000062751cbf8}: 'int java.lang.invoke.DirectMethodHandle$Holder.invokeInterface(java.lang.Object, java.lang.Object)'> (0x000000062751cbf8) 
thrown [s\open\src\hotspot\share\interpreter\linkResolver.cpp, line 759]
Event: 0.756 Thread 0x0000014f4b3cf020 Exception <a 'java/lang/NoSuchMethodError'{0x00000006276365b0}: 'java.lang.Object java.lang.invoke.DirectMethodHandle$Holder.invokeSpecial(java.lang.Object, java.lang.Object, java.lang.Object, int, java.lang.Object)'> (0x00000006276365b0) 
thrown [s\open\src\hotspot\share\interpreter\linkResolver.cpp, line 759]
Event: 0.757 Thread 0x0000014f4b3cf020 Exception <a 'java/lang/NoSuchMethodError'{0x000000062763ec10}: 'java.lang.Object java.lang.invoke.DirectMethodHandle$Holder.newInvokeSpecial(java.lang.Object, java.lang.Object, java.lang.Object, int, java.lang.Object)'> (0x000000062763ec10) 
thrown [s\open\src\hotspot\share\interpreter\linkResolver.cpp, line 759]
Event: 0.757 Thread 0x0000014f4b3cf020 Exception <a 'java/lang/NoSuchMethodError'{0x00000006276465f0}: 'java.lang.Object java.lang.invoke.Invokers$Holder.linkToTargetMethod(java.lang.Object, java.lang.Object, int, java.lang.Object, java.lang.Object)'> (0x00000006276465f0) 
thrown [s\open\src\hotspot\share\interpreter\linkResolver.cpp, line 759]
Event: 0.759 Thread 0x0000014f4b3cf020 Exception <a 'java/lang/NoSuchMethodError'{0x0000000627655508}: 'java.lang.Object java.lang.invoke.DirectMethodHandle$Holder.newInvokeSpecial(java.lang.Object, int, java.lang.Object)'> (0x0000000627655508) 
thrown [s\open\src\hotspot\share\interpreter\linkResolver.cpp, line 759]
Event: 0.759 Thread 0x0000014f4b3cf020 Exception <a 'java/lang/NoSuchMethodError'{0x000000062765a1f8}: 'int java.lang.invoke.DirectMethodHandle$Holder.invokeSpecialIFC(java.lang.Object, java.lang.Object, java.lang.Object, java.lang.Object)'> (0x000000062765a1f8) 
thrown [s\open\src\hotspot\share\interpreter\linkResolver.cpp, line 759]
Event: 0.777 Thread 0x0000014f4b3cf020 Exception <a 'java/lang/NoSuchMethodError'{0x0000000627726ab0}: 'void java.lang.invoke.DirectMethodHandle$Holder.invokeInterface(java.lang.Object, java.lang.Object, java.lang.Object)'> (0x0000000627726ab0) 
thrown [s\open\src\hotspot\share\interpreter\linkResolver.cpp, line 759]
Event: 0.793 Thread 0x0000014f4b3cf020 Exception <a 'java/lang/NoSuchMethodError'{0x00000006277af310}: 'void java.lang.invoke.DirectMethodHandle$Holder.invokeStaticInit(java.lang.Object, java.lang.Object)'> (0x00000006277af310) 
thrown [s\open\src\hotspot\share\interpreter\linkResolver.cpp, line 759]
Event: 0.795 Thread 0x0000014f4b3cf020 Exception <a 'java/lang/NoSuchMethodError'{0x00000006277bbce8}: 'void java.lang.invoke.DirectMethodHandle$Holder.invokeStaticInit(java.lang.Object, java.lang.Object, java.lang.Object)'> (0x00000006277bbce8) 
thrown [s\open\src\hotspot\share\interpreter\linkResolver.cpp, line 759]
Event: 0.799 Thread 0x0000014f4b3cf020 Exception <a 'java/lang/NoSuchMethodError'{0x00000006277f85a8}: 'java.lang.Object java.lang.invoke.DirectMethodHandle$Holder.invokeStatic(java.lang.Object, java.lang.Object, long, java.lang.Object)'> (0x00000006277f85a8) 
thrown [s\open\src\hotspot\share\interpreter\linkResolver.cpp, line 759]
Event: 0.799 Thread 0x0000014f4b3cf020 Exception <a 'java/lang/NoSuchMethodError'{0x00000006277fc038}: 'java.lang.Object java.lang.invoke.DirectMethodHandle$Holder.invokeStaticInit(java.lang.Object, java.lang.Object, long, java.lang.Object)'> (0x00000006277fc038) 
thrown [s\open\src\hotspot\share\interpreter\linkResolver.cpp, line 759]
Event: 0.800 Thread 0x0000014f4b3cf020 Exception <a 'java/lang/NoSuchMethodError'{0x0000000627002c88}: 'java.lang.Object java.lang.invoke.DirectMethodHandle$Holder.newInvokeSpecial(java.lang.Object, java.lang.Object, long)'> (0x0000000627002c88) 
thrown [s\open\src\hotspot\share\interpreter\linkResolver.cpp, line 759]
Event: 0.800 Thread 0x0000014f4b3cf020 Exception <a 'java/lang/NoSuchMethodError'{0x0000000627006800}: 'java.lang.Object java.lang.invoke.Invokers$Holder.linkToTargetMethod(java.lang.Object, long, java.lang.Object)'> (0x0000000627006800) 
thrown [s\open\src\hotspot\share\interpreter\linkResolver.cpp, line 759]
Event: 0.808 Thread 0x0000014f4b3cf020 Exception <a 'java/lang/NoSuchMethodError'{0x0000000627045230}: 'void java.lang.invoke.DirectMethodHandle$Holder.invokeVirtual(java.lang.Object, java.lang.Object, java.lang.Object, java.lang.Object)'> (0x0000000627045230) 
thrown [s\open\src\hotspot\share\interpreter\linkResolver.cpp, line 759]
Event: 0.830 Thread 0x0000014f4b3cf020 Exception <a 'java/lang/NoSuchMethodError'{0x0000000627185bd8}: 'void java.lang.invoke.DirectMethodHandle$Holder.invokeSpecial(java.lang.Object, java.lang.Object, java.lang.Object, java.lang.Object, java.lang.Object)'> (0x0000000627185bd8) 
thrown [s\open\src\hotspot\share\interpreter\linkResolver.cpp, line 759]
Event: 0.835 Thread 0x0000014f4b3cf020 Exception <a 'java/lang/IncompatibleClassChangeError'{0x00000006271cf6f0}: Found class java.lang.Object, but interface was expected> (0x00000006271cf6f0) 
thrown [s\open\src\hotspot\share\interpreter\linkResolver.cpp, line 826]
Event: 0.909 Thread 0x0000014f4b3cf020 Exception <a 'java/lang/NoSuchMethodError'{0x0000000626b385e0}: 'java.lang.Object java.lang.invoke.DirectMethodHandle$Holder.invokeStatic(java.lang.Object, int, java.lang.Object)'> (0x0000000626b385e0) 
thrown [s\open\src\hotspot\share\interpreter\linkResolver.cpp, line 759]
Event: 0.916 Thread 0x0000014f4b3cf020 Exception <a 'java/lang/NoSuchMethodError'{0x0000000626bd9f28}: 'int java.lang.invoke.Invokers$Holder.invokeExact_MT(java.lang.Object, java.lang.Object)'> (0x0000000626bd9f28) 
thrown [s\open\src\hotspot\share\interpreter\linkResolver.cpp, line 759]

VM Operations (20 events):
Event: 0.248 Executing VM operation: HandshakeAllThreads
Event: 0.248 Executing VM operation: HandshakeAllThreads done
Event: 0.332 Executing VM operation: HandshakeAllThreads
Event: 0.332 Executing VM operation: HandshakeAllThreads done
Event: 0.571 Executing VM operation: ICBufferFull
Event: 0.571 Executing VM operation: ICBufferFull done
Event: 0.586 Executing VM operation: HandshakeAllThreads
Event: 0.586 Executing VM operation: HandshakeAllThreads done
Event: 0.620 Executing VM operation: G1CollectForAllocation
Event: 0.624 Executing VM operation: G1CollectForAllocation done
Event: 0.737 Executing VM operation: HandshakeAllThreads
Event: 0.737 Executing VM operation: HandshakeAllThreads done
Event: 0.828 Executing VM operation: HandshakeAllThreads
Event: 0.828 Executing VM operation: HandshakeAllThreads done
Event: 0.828 Executing VM operation: HandshakeAllThreads
Event: 0.828 Executing VM operation: HandshakeAllThreads done
Event: 0.916 Executing VM operation: G1CollectForAllocation
Event: 0.919 Executing VM operation: G1CollectForAllocation done
Event: 0.933 Executing VM operation: HandshakeAllThreads
Event: 0.933 Executing VM operation: HandshakeAllThreads done

Events (20 events):
Event: 0.032 Thread 0x0000014f43e21a60 Thread added: 0x0000014f43e21a60
Event: 0.032 Thread 0x0000014f43e233c0 Thread added: 0x0000014f43e233c0
Event: 0.112 Thread 0x0000014f4a8db780 Thread added: 0x0000014f4a8db780
Event: 0.130 Loaded shared library C:\OpenJDK\jdk-18.0.2\bin\zip.dll
Event: 0.131 Loaded shared library C:\OpenJDK\jdk-18.0.2\bin\instrument.dll
Event: 0.136 Loaded shared library C:\OpenJDK\jdk-18.0.2\bin\net.dll
Event: 0.137 Loaded shared library C:\OpenJDK\jdk-18.0.2\bin\nio.dll
Event: 0.139 Loaded shared library C:\OpenJDK\jdk-18.0.2\bin\zip.dll
Event: 0.164 Thread 0x0000014f4ab4b380 Thread added: 0x0000014f4ab4b380
Event: 0.170 Thread 0x0000014f4abed3e0 Thread added: 0x0000014f4abed3e0
Event: 0.208 Loaded shared library C:\Program Files\JetBrains\IntelliJ IDEA Community Edition 2022.2\bin\breakgen64.dll
Event: 0.209 Thread 0x0000014f4abfe0f0 Thread added: 0x0000014f4abfe0f0
Event: 0.209 Thread 0x0000014f4abfe5b0 Thread added: 0x0000014f4abfe5b0
Event: 0.245 Loaded shared library C:\OpenJDK\jdk-18.0.2\bin\jimage.dll
Event: 0.477 Loaded shared library C:\OpenJDK\jdk-18.0.2\bin\management.dll
Event: 0.479 Loaded shared library C:\OpenJDK\jdk-18.0.2\bin\management_ext.dll
Event: 0.528 Thread 0x0000014f4b3f68c0 Thread added: 0x0000014f4b3f68c0
Event: 0.530 Thread 0x0000014f4b3cf020 Thread added: 0x0000014f4b3cf020
Event: 0.832 Thread 0x0000014f4b5be620 Thread added: 0x0000014f4b5be620
Event: 0.892 Loaded shared library C:\OpenJDK\jdk-18.0.2\bin\verify.dll


Dynamic libraries:
0x00007ff7a3aa0000 - 0x00007ff7a3aae000 	C:\OpenJDK\jdk-18.0.2\bin\java.exe
0x00007ffb86990000 - 0x00007ffb86b88000 	C:\WINDOWS\SYSTEM32\ntdll.dll
0x00007ffb85aa0000 - 0x00007ffb85b5f000 	C:\WINDOWS\System32\KERNEL32.DLL
0x00007ffb84260000 - 0x00007ffb84532000 	C:\WINDOWS\System32\KERNELBASE.dll
0x00007ffb845e0000 - 0x00007ffb846e0000 	C:\WINDOWS\System32\ucrtbase.dll
0x00007ffb64230000 - 0x00007ffb64247000 	C:\OpenJDK\jdk-18.0.2\bin\jli.dll
0x00007ffb640c0000 - 0x00007ffb640da000 	C:\OpenJDK\jdk-18.0.2\bin\VCRUNTIME140.dll
0x00007ffb86610000 - 0x00007ffb867b1000 	C:\WINDOWS\System32\USER32.dll
0x00007ffb6e2c0000 - 0x00007ffb6e55a000 	C:\WINDOWS\WinSxS\amd64_microsoft.windows.common-controls_6595b64144ccf1df_6.0.19041.1110_none_60b5254171f9507e\COMCTL32.dll
0x00007ffb84730000 - 0x00007ffb84752000 	C:\WINDOWS\System32\win32u.dll
0x00007ffb84d80000 - 0x00007ffb84dab000 	C:\WINDOWS\System32\GDI32.dll
0x00007ffb84db0000 - 0x00007ffb84e4e000 	C:\WINDOWS\System32\msvcrt.dll
0x00007ffb84760000 - 0x00007ffb8486f000 	C:\WINDOWS\System32\gdi32full.dll
0x00007ffb84540000 - 0x00007ffb845dd000 	C:\WINDOWS\System32\msvcp_win.dll
0x00007ffb85c60000 - 0x00007ffb85c92000 	C:\WINDOWS\System32\IMM32.DLL
0x00007ffb6e1b0000 - 0x00007ffb6e1bc000 	C:\OpenJDK\jdk-18.0.2\bin\vcruntime140_1.dll
0x00007ffb4fb90000 - 0x00007ffb4fc1d000 	C:\OpenJDK\jdk-18.0.2\bin\msvcp140.dll
0x00007fface200000 - 0x00007ffacee11000 	C:\OpenJDK\jdk-18.0.2\bin\server\jvm.dll
0x00007ffb868a0000 - 0x00007ffb8694e000 	C:\WINDOWS\System32\ADVAPI32.dll
0x00007ffb85bc0000 - 0x00007ffb85c5c000 	C:\WINDOWS\System32\sechost.dll
0x00007ffb85850000 - 0x00007ffb85975000 	C:\WINDOWS\System32\RPCRT4.dll
0x00007ffb84ba0000 - 0x00007ffb84ba8000 	C:\WINDOWS\System32\PSAPI.DLL
0x00007ffb75c30000 - 0x00007ffb75c57000 	C:\WINDOWS\SYSTEM32\WINMM.dll
0x00007ffb70120000 - 0x00007ffb70129000 	C:\WINDOWS\SYSTEM32\WSOCK32.dll
0x00007ffb7f1f0000 - 0x00007ffb7f1fa000 	C:\WINDOWS\SYSTEM32\VERSION.dll
0x00007ffb86000000 - 0x00007ffb8606b000 	C:\WINDOWS\System32\WS2_32.dll
0x00007ffb82b00000 - 0x00007ffb82b12000 	C:\WINDOWS\SYSTEM32\kernel.appcore.dll
0x00007ffb67cf0000 - 0x00007ffb67cfa000 	C:\OpenJDK\jdk-18.0.2\bin\jimage.dll
0x00007ffb81d80000 - 0x00007ffb81f64000 	C:\WINDOWS\SYSTEM32\DBGHELP.DLL
0x00007ffb62680000 - 0x00007ffb626b5000 	C:\WINDOWS\SYSTEM32\dbgcore.DLL
0x00007ffb841d0000 - 0x00007ffb84252000 	C:\WINDOWS\System32\bcryptPrimitives.dll
0x00007ffb7f0d0000 - 0x00007ffb7f0de000 	C:\OpenJDK\jdk-18.0.2\bin\instrument.dll
0x00007ffb63360000 - 0x00007ffb63385000 	C:\OpenJDK\jdk-18.0.2\bin\java.dll
0x00007ffb0dcb0000 - 0x00007ffb0dd86000 	C:\OpenJDK\jdk-18.0.2\bin\jsvml.dll
0x00007ffb85080000 - 0x00007ffb857c4000 	C:\WINDOWS\System32\SHELL32.dll
0x00007ffb81f70000 - 0x00007ffb82702000 	C:\WINDOWS\SYSTEM32\windows.storage.dll
0x00007ffb85ca0000 - 0x00007ffb85ff5000 	C:\WINDOWS\System32\combase.dll
0x00007ffb83920000 - 0x00007ffb83950000 	C:\WINDOWS\SYSTEM32\Wldp.dll
0x00007ffb84af0000 - 0x00007ffb84b9d000 	C:\WINDOWS\System32\SHCORE.dll
0x00007ffb84e50000 - 0x00007ffb84ea5000 	C:\WINDOWS\System32\shlwapi.dll
0x00007ffb83fc0000 - 0x00007ffb83fdf000 	C:\WINDOWS\SYSTEM32\profapi.dll
0x00007ffb630f0000 - 0x00007ffb63108000 	C:\OpenJDK\jdk-18.0.2\bin\zip.dll
0x00007ffb63960000 - 0x00007ffb63973000 	C:\OpenJDK\jdk-18.0.2\bin\net.dll
0x00007ffb7ebf0000 - 0x00007ffb7ecfc000 	C:\WINDOWS\SYSTEM32\WINHTTP.dll
0x00007ffb83700000 - 0x00007ffb8376a000 	C:\WINDOWS\system32\mswsock.dll
0x00007ffb63340000 - 0x00007ffb63356000 	C:\OpenJDK\jdk-18.0.2\bin\nio.dll
0x00007ffb67390000 - 0x00007ffb673aa000 	C:\Program Files\JetBrains\IntelliJ IDEA Community Edition 2022.2\bin\breakgen64.dll
0x00007ffb7ed30000 - 0x00007ffb7ed39000 	C:\OpenJDK\jdk-18.0.2\bin\management.dll
0x00007ffb7e9c0000 - 0x00007ffb7e9cb000 	C:\OpenJDK\jdk-18.0.2\bin\management_ext.dll
0x00007ffb67100000 - 0x00007ffb67110000 	C:\OpenJDK\jdk-18.0.2\bin\verify.dll

dbghelp: loaded successfully - version: 4.0.5 - missing functions: none
symbol engine: initialized successfully - sym options: 0x614 - pdb path: .;C:\OpenJDK\jdk-18.0.2\bin;C:\WINDOWS\SYSTEM32;C:\WINDOWS\WinSxS\amd64_microsoft.windows.common-controls_6595b64144ccf1df_6.0.19041.1110_none_60b5254171f9507e;C:\OpenJDK\jdk-18.0.2\bin\server;C:\Program Files\JetBrains\IntelliJ IDEA Community Edition 2022.2\bin

VM Arguments:
jvm_args: -javaagent:C:\Program Files\JetBrains\IntelliJ IDEA Community Edition 2022.2\lib\idea_rt.jar=63392:C:\Program Files\JetBrains\IntelliJ IDEA Community Edition 2022.2\bin -Dfile.encoding=UTF-8 -Dsun.stdout.encoding=UTF-8 -Dsun.stderr.encoding=UTF-8 
java_command: com.example.ejerciciosSesiones10_11_12.EjerciciosSesiones101112Application
java_class_path (initial): D:\REPOSITORIOS\springOpenBootCamp\sesiones 10, 11 y 12\ejerciciosSesiones10_11_12\target\classes;C:\Users\Normal User\.m2\repository\org\springframework\boot\spring-boot-starter-data-jpa\3.0.0\spring-boot-starter-data-jpa-3.0.0.jar;C:\Users\Normal User\.m2\repository\org\springframework\boot\spring-boot-starter-aop\3.0.0\spring-boot-starter-aop-3.0.0.jar;C:\Users\Normal User\.m2\repository\org\aspectj\aspectjweaver\1.9.9.1\aspectjweaver-1.9.9.1.jar;C:\Users\Normal User\.m2\repository\org\springframework\boot\spring-boot-starter-jdbc\3.0.0\spring-boot-starter-jdbc-3.0.0.jar;C:\Users\Normal User\.m2\repository\com\zaxxer\HikariCP\5.0.1\HikariCP-5.0.1.jar;C:\Users\Normal User\.m2\repository\org\springframework\spring-jdbc\6.0.2\spring-jdbc-6.0.2.jar;C:\Users\Normal User\.m2\repository\org\hibernate\orm\hibernate-core\6.1.5.Final\hibernate-core-6.1.5.Final.jar;C:\Users\Normal User\.m2\repository\jakarta\persistence\jakarta.persistence-api\3.1.0\jakarta.persistence-api-3.1.0.jar;C:\Users\Normal User\.m2\repository\jakarta\transaction\jakarta.transaction-api\2.0.1\jakarta.transaction-api-2.0.1.jar;C:\Users\Normal User\.m2\repository\org\jboss\logging\jboss-logging\3.5.0.Final\jboss-logging-3.5.0.Final.jar;C:\Users\Normal User\.m2\repository\org\hibernate\common\hibernate-commons-annotations\6.0.2.Final\hibernate-commons-annotations-6.0.2.Final.jar;C:\Users\Normal User\.m2\repository\org\jboss\jandex\2.4.2.Final\jandex-2.4.2.Final.jar;C:\Users\Normal User\.m2\repository\com\fasterxml\classmate\1.5.1\classmate-1.5.1.jar;C:\Users\Normal User\.m2\repository\net\bytebuddy\byte-buddy\1.12.19\byte-buddy-1.12.19.jar;C:\Users\Normal User\.m2\repository\org\glassfish\jaxb\jaxb-runtime\4.0.1\jaxb-runtime-4.0.1.jar;C:\Users\Normal User\.m2\repository\org\glassfish\jaxb\jaxb-core\4.0.1\jaxb-core-4.0.1.jar;C:\Users\Normal User\.m2\repository\org\eclipse\angus\angus-activation\1.0.0\angus-activation-1.0.0.jar;C:\Users\Normal User\.m2\repository\org\glassfish\jaxb\txw2\4.0.1\txw2-4.0.1.jar;C:\Users\Normal User\.m2\repository\com\sun\istack\istack-commons-runtime\4.1.1\istack-commons-runtime-4.1.1.jar;C:\Users\Normal User\.m2\repository\jakarta\inject\jakarta.inject-api\2.0.0\jakarta.inject-api-2.0.0.jar;C:\Users\Normal User\.m2\repository\org\antlr\antlr4-runtime\4.10.1\antlr4-runtime-4.10.1.jar;C:\Users\Normal User\.m2\repository\org\springframework\data\spring-data-jpa\3.0.0\spring-data-jpa-3.0.0.jar;C:\Users\Normal User\.m2\repository\org\springframework\data\spring-data-commons\3.0.0\spring-data-commons-3.0.0.jar;C:\Users\Normal User\.m2\repository\org\springframework\spring-orm\6.0.2\spring-orm-6.0.2.jar;C:\Users\Normal User\.m2\repository\org\springframework\spring-context\6.0.2\spring-context-6.0.2.jar;C:\Users\Normal User\.m2\repository\org\springframework\spring-tx\6.0.2\spring-tx-6.0.2.jar;C:\Users\Normal User\.m2\repository\org\springframework\spring-beans\6.0.2\spring-beans-6.0.2.jar;C:\Users\Normal User\.m2\repository\jakarta\annotation\jakarta.annotation-api\2.1.1\jakarta.annotation-api-2.1.1.jar;C:\Users\Normal User\.m2\repository\org\slf4j\slf4j-api\2.0.4\slf4j-api-2.0.4.jar;C:\Users\Normal User\.m2\repository\org\springframework\spring-aspects\6.0.2\spring-aspects-6.0.2.jar;C:\Users\Normal User\.m2\repository\org\springframework\boot\spring-boot-starter-web\3.0.0\spring-boot-starter-web-3.0.0.jar;C:\Users\Normal User\.m2\repository\org\springframework\boot\spring-boot-starter\3.0.0\spring-boot-starter-3.0.0.jar;C:\Users\Normal User\.m2\repository\org\springframework\boot\spring-boot-starter-logging\3.0.0\spring-boot-starter-logging-3.0.0.jar;C:\Users\Normal User\.m2\repository\ch\qos\logback\logback-classic\1.4.5\logback-classic-1.4.5.jar;C:\Users\Normal User\.m2\repository\ch\qos\logback\logback-core\1.4.5\logback-core-1.4.5.jar;C:\Users\Normal User\.m2\repository\org\apache\logging\log4j\log4j-to-slf4j\2.19.0\log4j-to-slf4j-2.19.0.jar;C:\Users\Normal User\.m2\repository\org\apache\logging\log4j\log4j-api\2.19.0\log4j-api-2.19.0.jar;C:\Users\Normal User\.m2\repository\org\slf4j\jul-to-slf4j\2.0.4\jul-to-slf4j-2.0.4.jar;C:\Users\Normal User\.m2\repository\org\yaml\snakeyaml\1.33\snakeyaml-1.33.jar;C:\Users\Normal User\.m2\repository\org\springframework\boot\spring-boot-starter-json\3.0.0\spring-boot-starter-json-3.0.0.jar;C:\Users\Normal User\.m2\repository\com\fasterxml\jackson\core\jackson-databind\2.14.1\jackson-databind-2.14.1.jar;C:\Users\Normal User\.m2\repository\com\fasterxml\jackson\core\jackson-annotations\2.14.1\jackson-annotations-2.14.1.jar;C:\Users\Normal User\.m2\repository\com\fasterxml\jackson\core\jackson-core\2.14.1\jackson-core-2.14.1.jar;C:\Users\Normal User\.m2\repository\com\fasterxml\jackson\datatype\jackson-datatype-jdk8\2.14.1\jackson-datatype-jdk8-2.14.1.jar;C:\Users\Normal User\.m2\repository\com\fasterxml\jackson\datatype\jackson-datatype-jsr310\2.14.1\jackson-datatype-jsr310-2.14.1.jar;C:\Users\Normal User\.m2\repository\com\fasterxml\jackson\module\jackson-module-parameter-names\2.14.1\jackson-module-parameter-names-2.14.1.jar;C:\Users\Normal User\.m2\repository\org\springframework\boot\spring-boot-starter-tomcat\3.0.0\spring-boot-starter-tomcat-3.0.0.jar;C:\Users\Normal User\.m2\repository\org\apache\tomcat\embed\tomcat-embed-core\10.1.1\tomcat-embed-core-10.1.1.jar;C:\Users\Normal User\.m2\repository\org\apache\tomcat\embed\tomcat-embed-el\10.1.1\tomcat-embed-el-10.1.1.jar;C:\Users\Normal User\.m2\repository\org\apache\tomcat\embed\tomcat-embed-websocket\10.1.1\tomcat-embed-websocket-10.1.1.jar;C:\Users\Normal User\.m2\repository\org\springframework\spring-web\6.0.2\spring-web-6.0.2.jar;C:\Users\Normal User\.m2\repository\io\micrometer\micrometer-observation\1.10.2\micrometer-observation-1.10.2.jar;C:\Users\Normal User\.m2\repository\io\micrometer\micrometer-commons\1.10.2\micrometer-commons-1.10.2.jar;C:\Users\Normal User\.m2\repository\org\springframework\spring-webmvc\6.0.2\spring-webmvc-6.0.2.jar;C:\Users\Normal User\.m2\repository\org\springframework\spring-expression\6.0.2\spring-expression-6.0.2.jar;C:\Users\Normal User\.m2\repository\org\springframework\boot\spring-boot-devtools\3.0.0\spring-boot-devtools-3.0.0.jar;C:\Users\Normal User\.m2\repository\org\springframework\boot\spring-boot\3.0.0\spring-boot-3.0.0.jar;C:\Users\Normal User\.m2\repository\org\springframework\boot\spring-boot-autoconfigure\3.0.0\spring-boot-autoconfigure-3.0.0.jar;C:\Users\Normal User\.m2\repository\com\h2database\h2\2.1.214\h2-2.1.214.jar;C:\Users\Normal User\.m2\repository\org\springframework\boot\spring-boot-starter-security\3.0.0\spring-boot-starter-security-3.0.0.jar;C:\Users\Normal User\.m2\repository\org\springframework\spring-aop\6.0.2\spring-aop-6.0.2.jar;C:\Users\Normal User\.m2\repository\org\springframework\security\spring-security-config\6.0.0\spring-security-config-6.0.0.jar;C:\Users\Normal User\.m2\repository\org\springframework\security\spring-security-web\6.0.0\spring-security-web-6.0.0.jar;C:\Users\Normal User\.m2\repository\jakarta\xml\bind\jakarta.xml.bind-api\4.0.0\jakarta.xml.bind-api-4.0.0.jar;C:\Users\Normal User\.m2\repository\jakarta\activation\jakarta.activation-api\2.1.0\jakarta.activation-api-2.1.0.jar;C:\Users\Normal User\.m2\repository\org\springframework\spring-core\6.0.2\spring-core-6.0.2.jar;C:\Users\Normal User\.m2\repository\org\springframework\spring-jcl\6.0.2\spring-jcl-6.0.2.jar;C:\Users\Normal User\.m2\repository\org\springframework\security\spring-security-core\6.0.0\spring-security-core-6.0.0.jar;C:\Users\Normal User\.m2\repository\org\springframework\security\spring-security-crypto\6.0.0\spring-security-crypto-6.0.0.jar;C:\Users\Normal User\.m2\repository\org\springdoc\springdoc-openapi-starter-webmvc-ui\2.0.2\springdoc-openapi-starter-webmvc-ui-2.0.2.jar;C:\Users\Normal User\.m2\repository\org\springdoc\springdoc-openapi-starter-webmvc-api\2.0.2\springdoc-openapi-starter-webmvc-api-2.0.2.jar;C:\Users\Normal User\.m2\repository\org\springdoc\springdoc-openapi-starter-common\2.0.2\springdoc-openapi-starter-common-2.0.2.jar;C:\Users\Normal User\.m2\repository\io\swagger\core\v3\swagger-core-jakarta\2.2.7\swagger-core-jakarta-2.2.7.jar;C:\Users\Normal User\.m2\repository\org\apache\commons\commons-lang3\3.12.0\commons-lang3-3.12.0.jar;C:\Users\Normal User\.m2\repository\io\swagger\core\v3\swagger-annotations-jakarta\2.2.7\swagger-annotations-jakarta-2.2.7.jar;C:\Users\Normal User\.m2\repository\io\swagger\core\v3\swagger-models-jakarta\2.2.7\swagger-models-jakarta-2.2.7.jar;C:\Users\Normal User\.m2\repository\jakarta\validation\jakarta.validation-api\3.0.2\jakarta.validation-api-3.0.2.jar;C:\Users\Normal User\.m2\repository\com\fasterxml\jackson\dataformat\jackson-dataformat-yaml\2.14.1\jackson-dataformat-yaml-2.14.1.jar;C:\Users\Normal User\.m2\repository\org\webjars\swagger-ui\4.15.5\swagger-ui-4.15.5.jar;C:\Users\Normal User\.m2\repository\org\webjars\webjars-locator-core\0.52\webjars-locator-core-0.52.jar;C:\Users\Normal User\.m2\repository\io\github\classgraph\classgraph\4.8.149\classgraph-4.8.149.jar
Launcher Type: SUN_STANDARD

[Global flags]
     intx CICompilerCount                          = 4                                         {product} {ergonomic}
     uint ConcGCThreads                            = 2                                         {product} {ergonomic}
     uint G1ConcRefinementThreads                  = 8                                         {product} {ergonomic}
   size_t G1HeapRegionSize                         = 4194304                                   {product} {ergonomic}
    uintx GCDrainStackTargetSize                   = 64                                        {product} {ergonomic}
   size_t InitialHeapSize                          = 528482304                                 {product} {ergonomic}
   size_t MarkStackSize                            = 4194304                                   {product} {ergonomic}
   size_t MaxHeapSize                              = 8451522560                                {product} {ergonomic}
   size_t MaxNewSize                               = 5070913536                                {product} {ergonomic}
   size_t MinHeapDeltaBytes                        = 4194304                                   {product} {ergonomic}
   size_t MinHeapSize                              = 8388608                                   {product} {ergonomic}
    uintx NonNMethodCodeHeapSize                   = 5839372                                {pd product} {ergonomic}
    uintx NonProfiledCodeHeapSize                  = 122909434                              {pd product} {ergonomic}
    uintx ProfiledCodeHeapSize                     = 122909434                              {pd product} {ergonomic}
    uintx ReservedCodeCacheSize                    = 251658240                              {pd product} {ergonomic}
     bool SegmentedCodeCache                       = true                                      {product} {ergonomic}
   size_t SoftMaxHeapSize                          = 8451522560                             {manageable} {ergonomic}
     bool UseCompressedClassPointers               = true                           {product lp64_product} {ergonomic}
     bool UseCompressedOops                        = true                           {product lp64_product} {ergonomic}
     bool UseG1GC                                  = true                                      {product} {ergonomic}
     bool UseLargePagesIndividualAllocation        = false                                  {pd product} {ergonomic}

Logging:
Log output configuration:
 #0: stdout all=warning uptime,level,tags foldmultilines=false
 #1: stderr all=off uptime,level,tags foldmultilines=false

Environment Variables:
JAVA_HOME=C:\OpenJDK\jdk-20
PATH=C:\Python310\Scripts\;C:\Python310\;C:\Program Files (x86)\VMware\VMware Workstation\bin\;C:\Users\Normal User\AppData\Local\Programs\Python\Python39\Scripts\;C:\Users\Normal User\AppData\Local\Programs\Python\Python39\;C:\WINDOWS\system32;C:\WINDOWS;C:\WINDOWS\System32\Wbem;C:\WINDOWS\System32\WindowsPowerShell\v1.0\;C:\WINDOWS\System32\OpenSSH\;C:\Program Files (x86)\Calibre2\;C:\Program Files (x86)\NVIDIA Corporation\PhysX\Common;C:\Program Files (x86)\Gpg4win\..\GnuPG\bin;C:\Program Files\PuTTY\;C:\ProgramData\chocolatey\bin;C:\Program Files\dotnet\;C:\Program Files\AutoFirma\AutoFirma;C:\wamp64\bin\php\php7.4.23;C:\ProgramData\ComposerSetup\bin;C:\pscp;C:\Program Files\nodejs\;C:\DepentenciasPATH\ffmpeg-master-latest-win64-gpl\bin;C:\DepentenciasPATH\aria2-1.36.0-win-64bit-build1;C:\DepentenciasPATH\shaka-packager;C:\DepentenciasPATH\yt-dlp;C:\Program Files\Crucial\Crucial Storage Executive;C:\Program Files\MongoDB\Server\6.0\bin;C:\DepentenciasPATH\mongodb-database-tools-windows-x86_64-100.6.0\bin;C:\DepentenciasPATH\mongosh-1.5.4-win32-x64\bin;C:\Program Files\Docker\Docker\resources\bin;C:\Program Files\Git\cmd;C:\Ruby31-x64\bin;C:\Users\Normal User\AppData\Local\Microsoft\WindowsApps;C:\Users\Normal User\AppData\Local\Programs\Microsoft VS Code\bin;C:\Users\Normal User\AppData\Roaming\Composer\vendor\bin;C:\Program Files (x86)\Brackets\;C:\Users\Normal User\AppData\Roaming\npm;C:\Program Files\heroku\bin;C:\Program Files\JetBrains\IntelliJ IDEA Community Edition 2022.2\bin;;C:\OpenJDK\jdk-20\bin;
USERNAME=Normal User
OS=Windows_NT
PROCESSOR_IDENTIFIER=Intel64 Family 6 Model 60 Stepping 3, GenuineIntel



---------------  S Y S T E M  ---------------

OS:
 Windows 10 , 64 bit Build 19041 (10.0.19041.2364)
OS uptime: 0 days 8:53 hours
Hyper-V role detected

CPU: total 8 (initial active 8) (4 cores per cpu, 2 threads per core) family 6 model 60 stepping 3 microcode 0x27, cx8, cmov, fxsr, ht, mmx, sse, sse2, sse3, ssse3, sse4.1, sse4.2, popcnt, lzcnt, tsc, tscinvbit, avx, avx2, aes, erms, clmul, bmi1, bmi2, fma, vzeroupper, clflush, hv

Memory: 4k page, system-wide physical 32224M (7353M free)
TotalPageFile size 32224M (AvailPageFile size 5M)
current process WorkingSet (physical memory assigned to process): 102M, peak: 102M
current process commit charge ("private bytes"): 631M, peak: 631M

vm_info: OpenJDK 64-Bit Server VM (18.0.2+9-61) for windows-amd64 JRE (18.0.2+9-61), built on Jun  7 2022 13:05:59 by "mach5one" with MS VC++ 16.8 / 16.9 (VS2019)

END.
